
ROM used:   5672/11264 (50%)
            5672/11264 (50%) including unused fragments

            2.5 Average locations per line
            13.1 Average locations per statement

RAM used:   152/2048 (7%) at main() level
            182/2048 (9%) worst case

Stack used: 90 worst case (46 in main + 44 for interrupts)
Stack size: 128

Lines Stmts  %   Files
----- ----- ---  -----
  498   265  61  Aux_Keypad_LED.c
   24     0   0  Aux_Keypad_LED.h
 1170     0   0  ..\PICC\PICC\Devices\24FV16KM202.h
  476   119  28  ..\PICC\PICC\Drivers\LCD.C
   90    48  11  kbd_mod_123A_int.c
----- -----
 2258   432 Total

Page ROM  %  RAM    Vol Diff  Functions:
---- --- --- ---    --- ----  ----------
0     68   1    8             @DIV3232B
0     16   0    2             @delay_ms2
0     34   0    3             @GETCH_BIU_1
0     74   1    5    760  4.5  lcd_read_byte
0     56   0    3    262  3.7  lcd_read_nibble
0     56   0    1    399  2.4  lcd_send_nibble
0     76   1    5    417  3.6  lcd_send_byte
0    122   1    7    915  6.1  lcd_init
0     92   1    6    409  5.8  lcd_gotoxy
0    166   1    4    679  7.2  lcd_putc
0     28   0    1     90  2.5  lcd_cursor_on
0     28   0    0             @const962
0     32   0    3    223  3.2  kbd_init
0    240   2    8   1604  7.7  kbd_getc
0     40   0    0     37  1.3  isr_uart
0     40   0    0     37  1.3  ist_ext
0     10   0    0     25  1.2  lcd_clear
0    626   6    7   2666 11.7  MAIN
0     26   0    0             @const993
0     66   1    8             @MULS3232
0    126   1    8             @DIVS3232A
0    280   2    0             @PRINTFD32_115200_5712_5713
0    256   2    0             @PRINTFD16_115200_5712_5713
0      8   0    0     32  1.0  disableKeypad
0     10   0    0     43  1.1  enableKeypad
0     74   1    0    240  1.8  systemInit
0     24   0    0             @const1017
0    552   5    2   1001  3.4  menuRefresh
0     28   0    0             @const1021
0     20   0    0             @const1022
0     24   0    0             @const1023
0     20   0    0             @const1024
0     56   0    0    123  2.4  readFrequency
0     24   0    0             @const1041
0    304   3    0             @PRINTFD32_948
0     62   1    2    219  3.6  enterState
0   1016   9    2   2466  3.4  sweepRefresh
0     26   0    0             @const1048
0     24   0    0             @const1049
0     26   0    0             @const1050
0     26   0    0             @const1051
0     26   0    0             @const1072
0     28   0    0             @const1073
0     28   0    0             @const1074
0     98   1    2    260  4.3  waitForResponse
0     28   0    0             @const1086
0     42   0    0     67  1.6  screenClearedDisplay
0     28   0    0             @const1090
 Inline         0             @cinit1

Program metrics:
    Functions               23
    Statements              432
    Comments                390
    Volume (V)              20942
    Difficulty (D)          85.7
    Effort to implement (E) 1795729
    Time to implement (T)   27 hours, 43 minutes
    Est Delivered Bugs (B)  5
    Cyclomatic Complexity   66
    Maintainability (MI)    92

 Segment     Used  Free
-----------  ----  ----
00000-00002     4  0  
00004-001FE   508  0  
00200-02BFE  5160  5592  



